[19-Jun-2014 15:34:03 UTC] PHP Notice:  Undefined index: display_order in /Users/christian/www/nfusion/lam-hg/wp-content/plugins/pods/classes/Pods.php on line 978
[19-Jun-2014 15:34:03 UTC] PHP Stack trace:
[19-Jun-2014 15:34:03 UTC] PHP   1. {main}() /Users/christian/www/nfusion/lam-hg/index.php:0
[19-Jun-2014 15:34:03 UTC] PHP   2. require() /Users/christian/www/nfusion/lam-hg/index.php:17
[19-Jun-2014 15:34:03 UTC] PHP   3. require_once() /Users/christian/www/nfusion/lam-hg/wp-blog-header.php:16
[19-Jun-2014 15:34:03 UTC] PHP   4. include() /Users/christian/www/nfusion/lam-hg/wp-includes/template-loader.php:74
[19-Jun-2014 15:34:03 UTC] PHP   5. pods_view() /Users/christian/www/nfusion/lam-hg/wp-content/themes/required-lamadeleine/page.php:86
[19-Jun-2014 15:34:03 UTC] PHP   6. PodsView::view() /Users/christian/www/nfusion/lam-hg/wp-content/plugins/pods/includes/classes.php:206
[19-Jun-2014 15:34:03 UTC] PHP   7. PodsView::get_template_part() /Users/christian/www/nfusion/lam-hg/wp-content/plugins/pods/classes/PodsView.php:94
[19-Jun-2014 15:34:03 UTC] PHP   8. require() /Users/christian/www/nfusion/lam-hg/wp-content/plugins/pods/classes/PodsView.php:509
[19-Jun-2014 15:34:03 UTC] PHP   9. Pods->field() /Users/christian/www/nfusion/lam-hg/wp-content/themes/required-lamadeleine/template-parts/content/content-home.php:22
[19-Jun-2014 15:34:03 UTC] PHP Notice:  Undefined index: display_order in /Users/christian/www/nfusion/lam-hg/wp-content/plugins/pods/classes/Pods.php on line 978
[19-Jun-2014 15:34:03 UTC] PHP Stack trace:
[19-Jun-2014 15:34:03 UTC] PHP   1. {main}() /Users/christian/www/nfusion/lam-hg/index.php:0
[19-Jun-2014 15:34:03 UTC] PHP   2. require() /Users/christian/www/nfusion/lam-hg/index.php:17
[19-Jun-2014 15:34:03 UTC] PHP   3. require_once() /Users/christian/www/nfusion/lam-hg/wp-blog-header.php:16
[19-Jun-2014 15:34:03 UTC] PHP   4. include() /Users/christian/www/nfusion/lam-hg/wp-includes/template-loader.php:74
[19-Jun-2014 15:34:03 UTC] PHP   5. pods_view() /Users/christian/www/nfusion/lam-hg/wp-content/themes/required-lamadeleine/page.php:86
[19-Jun-2014 15:34:03 UTC] PHP   6. PodsView::view() /Users/christian/www/nfusion/lam-hg/wp-content/plugins/pods/includes/classes.php:206
[19-Jun-2014 15:34:03 UTC] PHP   7. PodsView::get_template_part() /Users/christian/www/nfusion/lam-hg/wp-content/plugins/pods/classes/PodsView.php:94
[19-Jun-2014 15:34:03 UTC] PHP   8. require() /Users/christian/www/nfusion/lam-hg/wp-content/plugins/pods/classes/PodsView.php:509
[19-Jun-2014 15:34:03 UTC] PHP   9. Pods->field() /Users/christian/www/nfusion/lam-hg/wp-content/themes/required-lamadeleine/template-parts/content/content-home.php:22
[19-Jun-2014 15:34:03 UTC] PHP Notice:  Undefined index: display_order in /Users/christian/www/nfusion/lam-hg/wp-content/plugins/pods/classes/Pods.php on line 978
[19-Jun-2014 15:34:03 UTC] PHP Stack trace:
[19-Jun-2014 15:34:03 UTC] PHP   1. {main}() /Users/christian/www/nfusion/lam-hg/index.php:0
[19-Jun-2014 15:34:03 UTC] PHP   2. require() /Users/christian/www/nfusion/lam-hg/index.php:17
[19-Jun-2014 15:34:03 UTC] PHP   3. require_once() /Users/christian/www/nfusion/lam-hg/wp-blog-header.php:16
[19-Jun-2014 15:34:03 UTC] PHP   4. include() /Users/christian/www/nfusion/lam-hg/wp-includes/template-loader.php:74
[19-Jun-2014 15:34:03 UTC] PHP   5. pods_view() /Users/christian/www/nfusion/lam-hg/wp-content/themes/required-lamadeleine/page.php:86
[19-Jun-2014 15:34:03 UTC] PHP   6. PodsView::view() /Users/christian/www/nfusion/lam-hg/wp-content/plugins/pods/includes/classes.php:206
[19-Jun-2014 15:34:03 UTC] PHP   7. PodsView::get_template_part() /Users/christian/www/nfusion/lam-hg/wp-content/plugins/pods/classes/PodsView.php:94
[19-Jun-2014 15:34:03 UTC] PHP   8. require() /Users/christian/www/nfusion/lam-hg/wp-content/plugins/pods/classes/PodsView.php:509
[19-Jun-2014 15:34:03 UTC] PHP   9. Pods->field() /Users/christian/www/nfusion/lam-hg/wp-content/themes/required-lamadeleine/template-parts/content/content-home.php:22
[19-Jun-2014 15:34:03 UTC] PHP Notice:  Undefined index: display_order in /Users/christian/www/nfusion/lam-hg/wp-content/plugins/pods/classes/Pods.php on line 978
[19-Jun-2014 15:34:03 UTC] PHP Stack trace:
[19-Jun-2014 15:34:03 UTC] PHP   1. {main}() /Users/christian/www/nfusion/lam-hg/index.php:0
[19-Jun-2014 15:34:03 UTC] PHP   2. require() /Users/christian/www/nfusion/lam-hg/index.php:17
[19-Jun-2014 15:34:03 UTC] PHP   3. require_once() /Users/christian/www/nfusion/lam-hg/wp-blog-header.php:16
[19-Jun-2014 15:34:03 UTC] PHP   4. include() /Users/christian/www/nfusion/lam-hg/wp-includes/template-loader.php:74
[19-Jun-2014 15:34:03 UTC] PHP   5. pods_view() /Users/christian/www/nfusion/lam-hg/wp-content/themes/required-lamadeleine/page.php:86
[19-Jun-2014 15:34:03 UTC] PHP   6. PodsView::view() /Users/christian/www/nfusion/lam-hg/wp-content/plugins/pods/includes/classes.php:206
[19-Jun-2014 15:34:03 UTC] PHP   7. PodsView::get_template_part() /Users/christian/www/nfusion/lam-hg/wp-content/plugins/pods/classes/PodsView.php:94
[19-Jun-2014 15:34:03 UTC] PHP   8. require() /Users/christian/www/nfusion/lam-hg/wp-content/plugins/pods/classes/PodsView.php:509
[19-Jun-2014 15:34:03 UTC] PHP   9. Pods->field() /Users/christian/www/nfusion/lam-hg/wp-content/themes/required-lamadeleine/template-parts/content/content-home.php:22
[19-Jun-2014 15:34:03 UTC] PHP Notice:  Undefined index: display_order in /Users/christian/www/nfusion/lam-hg/wp-content/plugins/pods/classes/Pods.php on line 978
[19-Jun-2014 15:34:03 UTC] PHP Stack trace:
[19-Jun-2014 15:34:03 UTC] PHP   1. {main}() /Users/christian/www/nfusion/lam-hg/index.php:0
[19-Jun-2014 15:34:03 UTC] PHP   2. require() /Users/christian/www/nfusion/lam-hg/index.php:17
[19-Jun-2014 15:34:03 UTC] PHP   3. require_once() /Users/christian/www/nfusion/lam-hg/wp-blog-header.php:16
[19-Jun-2014 15:34:03 UTC] PHP   4. include() /Users/christian/www/nfusion/lam-hg/wp-includes/template-loader.php:74
[19-Jun-2014 15:34:03 UTC] PHP   5. pods_view() /Users/christian/www/nfusion/lam-hg/wp-content/themes/required-lamadeleine/page.php:86
[19-Jun-2014 15:34:03 UTC] PHP   6. PodsView::view() /Users/christian/www/nfusion/lam-hg/wp-content/plugins/pods/includes/classes.php:206
[19-Jun-2014 15:34:03 UTC] PHP   7. PodsView::get_template_part() /Users/christian/www/nfusion/lam-hg/wp-content/plugins/pods/classes/PodsView.php:94
[19-Jun-2014 15:34:03 UTC] PHP   8. require() /Users/christian/www/nfusion/lam-hg/wp-content/plugins/pods/classes/PodsView.php:509
[19-Jun-2014 15:34:03 UTC] PHP   9. Pods->field() /Users/christian/www/nfusion/lam-hg/wp-content/themes/required-lamadeleine/template-parts/content/content-home.php:22
[19-Jun-2014 15:34:03 UTC] PHP Notice:  Undefined index: display_order in /Users/christian/www/nfusion/lam-hg/wp-content/plugins/pods/classes/Pods.php on line 978
[19-Jun-2014 15:34:03 UTC] PHP Stack trace:
[19-Jun-2014 15:34:03 UTC] PHP   1. {main}() /Users/christian/www/nfusion/lam-hg/index.php:0
[19-Jun-2014 15:34:03 UTC] PHP   2. require() /Users/christian/www/nfusion/lam-hg/index.php:17
[19-Jun-2014 15:34:03 UTC] PHP   3. require_once() /Users/christian/www/nfusion/lam-hg/wp-blog-header.php:16
[19-Jun-2014 15:34:03 UTC] PHP   4. include() /Users/christian/www/nfusion/lam-hg/wp-includes/template-loader.php:74
[19-Jun-2014 15:34:03 UTC] PHP   5. pods_view() /Users/christian/www/nfusion/lam-hg/wp-content/themes/required-lamadeleine/page.php:86
[19-Jun-2014 15:34:03 UTC] PHP   6. PodsView::view() /Users/christian/www/nfusion/lam-hg/wp-content/plugins/pods/includes/classes.php:206
[19-Jun-2014 15:34:03 UTC] PHP   7. PodsView::get_template_part() /Users/christian/www/nfusion/lam-hg/wp-content/plugins/pods/classes/PodsView.php:94
[19-Jun-2014 15:34:03 UTC] PHP   8. require() /Users/christian/www/nfusion/lam-hg/wp-content/plugins/pods/classes/PodsView.php:509
[19-Jun-2014 15:34:03 UTC] PHP   9. Pods->field() /Users/christian/www/nfusion/lam-hg/wp-content/themes/required-lamadeleine/template-parts/content/content-home.php:22
[19-Jun-2014 15:36:51 UTC] PHP Notice:  Undefined index: display_order in /Users/christian/www/nfusion/lam-hg/wp-content/plugins/pods/classes/Pods.php on line 978
[19-Jun-2014 15:36:51 UTC] PHP Stack trace:
[19-Jun-2014 15:36:51 UTC] PHP   1. {main}() /Users/christian/www/nfusion/lam-hg/index.php:0
[19-Jun-2014 15:36:51 UTC] PHP   2. require() /Users/christian/www/nfusion/lam-hg/index.php:17
[19-Jun-2014 15:36:51 UTC] PHP   3. require_once() /Users/christian/www/nfusion/lam-hg/wp-blog-header.php:16
[19-Jun-2014 15:36:51 UTC] PHP   4. include() /Users/christian/www/nfusion/lam-hg/wp-includes/template-loader.php:74
[19-Jun-2014 15:36:51 UTC] PHP   5. pods_view() /Users/christian/www/nfusion/lam-hg/wp-content/themes/required-lamadeleine/page.php:86
[19-Jun-2014 15:36:51 UTC] PHP   6. PodsView::view() /Users/christian/www/nfusion/lam-hg/wp-content/plugins/pods/includes/classes.php:206
[19-Jun-2014 15:36:51 UTC] PHP   7. PodsView::get_template_part() /Users/christian/www/nfusion/lam-hg/wp-content/plugins/pods/classes/PodsView.php:94
[19-Jun-2014 15:36:51 UTC] PHP   8. require() /Users/christian/www/nfusion/lam-hg/wp-content/plugins/pods/classes/PodsView.php:509
[19-Jun-2014 15:36:51 UTC] PHP   9. Pods->field() /Users/christian/www/nfusion/lam-hg/wp-content/themes/required-lamadeleine/template-parts/content/content-home.php:22
[19-Jun-2014 15:36:51 UTC] PHP Notice:  Undefined index: display_order in /Users/christian/www/nfusion/lam-hg/wp-content/plugins/pods/classes/Pods.php on line 978
[19-Jun-2014 15:36:51 UTC] PHP Stack trace:
[19-Jun-2014 15:36:51 UTC] PHP   1. {main}() /Users/christian/www/nfusion/lam-hg/index.php:0
[19-Jun-2014 15:36:51 UTC] PHP   2. require() /Users/christian/www/nfusion/lam-hg/index.php:17
[19-Jun-2014 15:36:51 UTC] PHP   3. require_once() /Users/christian/www/nfusion/lam-hg/wp-blog-header.php:16
[19-Jun-2014 15:36:51 UTC] PHP   4. include() /Users/christian/www/nfusion/lam-hg/wp-includes/template-loader.php:74
[19-Jun-2014 15:36:51 UTC] PHP   5. pods_view() /Users/christian/www/nfusion/lam-hg/wp-content/themes/required-lamadeleine/page.php:86
[19-Jun-2014 15:36:51 UTC] PHP   6. PodsView::view() /Users/christian/www/nfusion/lam-hg/wp-content/plugins/pods/includes/classes.php:206
[19-Jun-2014 15:36:51 UTC] PHP   7. PodsView::get_template_part() /Users/christian/www/nfusion/lam-hg/wp-content/plugins/pods/classes/PodsView.php:94
[19-Jun-2014 15:36:51 UTC] PHP   8. require() /Users/christian/www/nfusion/lam-hg/wp-content/plugins/pods/classes/PodsView.php:509
[19-Jun-2014 15:36:51 UTC] PHP   9. Pods->field() /Users/christian/www/nfusion/lam-hg/wp-content/themes/required-lamadeleine/template-parts/content/content-home.php:22
[19-Jun-2014 15:36:51 UTC] PHP Notice:  Undefined index: display_order in /Users/christian/www/nfusion/lam-hg/wp-content/plugins/pods/classes/Pods.php on line 978
[19-Jun-2014 15:36:51 UTC] PHP Stack trace:
[19-Jun-2014 15:36:51 UTC] PHP   1. {main}() /Users/christian/www/nfusion/lam-hg/index.php:0
[19-Jun-2014 15:36:51 UTC] PHP   2. require() /Users/christian/www/nfusion/lam-hg/index.php:17
[19-Jun-2014 15:36:51 UTC] PHP   3. require_once() /Users/christian/www/nfusion/lam-hg/wp-blog-header.php:16
[19-Jun-2014 15:36:51 UTC] PHP   4. include() /Users/christian/www/nfusion/lam-hg/wp-includes/template-loader.php:74
[19-Jun-2014 15:36:51 UTC] PHP   5. pods_view() /Users/christian/www/nfusion/lam-hg/wp-content/themes/required-lamadeleine/page.php:86
[19-Jun-2014 15:36:51 UTC] PHP   6. PodsView::view() /Users/christian/www/nfusion/lam-hg/wp-content/plugins/pods/includes/classes.php:206
[19-Jun-2014 15:36:51 UTC] PHP   7. PodsView::get_template_part() /Users/christian/www/nfusion/lam-hg/wp-content/plugins/pods/classes/PodsView.php:94
[19-Jun-2014 15:36:51 UTC] PHP   8. require() /Users/christian/www/nfusion/lam-hg/wp-content/plugins/pods/classes/PodsView.php:509
[19-Jun-2014 15:36:51 UTC] PHP   9. Pods->field() /Users/christian/www/nfusion/lam-hg/wp-content/themes/required-lamadeleine/template-parts/content/content-home.php:22
[19-Jun-2014 15:36:51 UTC] PHP Notice:  Undefined index: display_order in /Users/christian/www/nfusion/lam-hg/wp-content/plugins/pods/classes/Pods.php on line 978
[19-Jun-2014 15:36:51 UTC] PHP Stack trace:
[19-Jun-2014 15:36:51 UTC] PHP   1. {main}() /Users/christian/www/nfusion/lam-hg/index.php:0
[19-Jun-2014 15:36:51 UTC] PHP   2. require() /Users/christian/www/nfusion/lam-hg/index.php:17
[19-Jun-2014 15:36:51 UTC] PHP   3. require_once() /Users/christian/www/nfusion/lam-hg/wp-blog-header.php:16
[19-Jun-2014 15:36:51 UTC] PHP   4. include() /Users/christian/www/nfusion/lam-hg/wp-includes/template-loader.php:74
[19-Jun-2014 15:36:51 UTC] PHP   5. pods_view() /Users/christian/www/nfusion/lam-hg/wp-content/themes/required-lamadeleine/page.php:86
[19-Jun-2014 15:36:51 UTC] PHP   6. PodsView::view() /Users/christian/www/nfusion/lam-hg/wp-content/plugins/pods/includes/classes.php:206
[19-Jun-2014 15:36:51 UTC] PHP   7. PodsView::get_template_part() /Users/christian/www/nfusion/lam-hg/wp-content/plugins/pods/classes/PodsView.php:94
[19-Jun-2014 15:36:51 UTC] PHP   8. require() /Users/christian/www/nfusion/lam-hg/wp-content/plugins/pods/classes/PodsView.php:509
[19-Jun-2014 15:36:51 UTC] PHP   9. Pods->field() /Users/christian/www/nfusion/lam-hg/wp-content/themes/required-lamadeleine/template-parts/content/content-home.php:22
[19-Jun-2014 15:36:51 UTC] PHP Notice:  Undefined index: display_order in /Users/christian/www/nfusion/lam-hg/wp-content/plugins/pods/classes/Pods.php on line 978
[19-Jun-2014 15:36:51 UTC] PHP Stack trace:
[19-Jun-2014 15:36:51 UTC] PHP   1. {main}() /Users/christian/www/nfusion/lam-hg/index.php:0
[19-Jun-2014 15:36:51 UTC] PHP   2. require() /Users/christian/www/nfusion/lam-hg/index.php:17
[19-Jun-2014 15:36:51 UTC] PHP   3. require_once() /Users/christian/www/nfusion/lam-hg/wp-blog-header.php:16
[19-Jun-2014 15:36:51 UTC] PHP   4. include() /Users/christian/www/nfusion/lam-hg/wp-includes/template-loader.php:74
[19-Jun-2014 15:36:51 UTC] PHP   5. pods_view() /Users/christian/www/nfusion/lam-hg/wp-content/themes/required-lamadeleine/page.php:86
[19-Jun-2014 15:36:51 UTC] PHP   6. PodsView::view() /Users/christian/www/nfusion/lam-hg/wp-content/plugins/pods/includes/classes.php:206
[19-Jun-2014 15:36:51 UTC] PHP   7. PodsView::get_template_part() /Users/christian/www/nfusion/lam-hg/wp-content/plugins/pods/classes/PodsView.php:94
[19-Jun-2014 15:36:51 UTC] PHP   8. require() /Users/christian/www/nfusion/lam-hg/wp-content/plugins/pods/classes/PodsView.php:509
[19-Jun-2014 15:36:51 UTC] PHP   9. Pods->field() /Users/christian/www/nfusion/lam-hg/wp-content/themes/required-lamadeleine/template-parts/content/content-home.php:22
[19-Jun-2014 15:36:51 UTC] PHP Notice:  Undefined index: display_order in /Users/christian/www/nfusion/lam-hg/wp-content/plugins/pods/classes/Pods.php on line 978
[19-Jun-2014 15:36:51 UTC] PHP Stack trace:
[19-Jun-2014 15:36:51 UTC] PHP   1. {main}() /Users/christian/www/nfusion/lam-hg/index.php:0
[19-Jun-2014 15:36:51 UTC] PHP   2. require() /Users/christian/www/nfusion/lam-hg/index.php:17
[19-Jun-2014 15:36:51 UTC] PHP   3. require_once() /Users/christian/www/nfusion/lam-hg/wp-blog-header.php:16
[19-Jun-2014 15:36:51 UTC] PHP   4. include() /Users/christian/www/nfusion/lam-hg/wp-includes/template-loader.php:74
[19-Jun-2014 15:36:51 UTC] PHP   5. pods_view() /Users/christian/www/nfusion/lam-hg/wp-content/themes/required-lamadeleine/page.php:86
[19-Jun-2014 15:36:51 UTC] PHP   6. PodsView::view() /Users/christian/www/nfusion/lam-hg/wp-content/plugins/pods/includes/classes.php:206
[19-Jun-2014 15:36:51 UTC] PHP   7. PodsView::get_template_part() /Users/christian/www/nfusion/lam-hg/wp-content/plugins/pods/classes/PodsView.php:94
[19-Jun-2014 15:36:51 UTC] PHP   8. require() /Users/christian/www/nfusion/lam-hg/wp-content/plugins/pods/classes/PodsView.php:509
[19-Jun-2014 15:36:51 UTC] PHP   9. Pods->field() /Users/christian/www/nfusion/lam-hg/wp-content/themes/required-lamadeleine/template-parts/content/content-home.php:22
